<?xml version="1.0" encoding="UTF-8"?>
<testsuite name="cli4clj.test.cli" errors="0" failures="0" tests="34" time="1.8518" timestamp="2022-07-26_21:22:39+0200">
    <testcase name="simple-create-arg-hint-completers-test" classname="cli4clj.test.cli" time="0.0070">
    </testcase>
    <testcase name="create-arg-hint-completers-link-hint-test" classname="cli4clj.test.cli" time="0.0079">
    </testcase>
    <testcase name="custom-read-fn-test" classname="cli4clj.test.cli" time="0.1452">
    </testcase>
    <testcase name="get-args-info-override-test" classname="cli4clj.test.cli" time="0.0014">
    </testcase>
    <testcase name="persistent-history-disable-history-test" classname="cli4clj.test.cli" time="0.1838">
    </testcase>
    <testcase name="persistent-history-basic-test" classname="cli4clj.test.cli" time="0.1111">
    </testcase>
    <testcase name="allow-eval-cli-interaction-test" classname="cli4clj.test.cli" time="0.0575">
    </testcase>
    <testcase name="embedded-cli-in-out-test" classname="cli4clj.test.cli" time="0.0777">
    </testcase>
    <testcase name="get-args-info-defns-test" classname="cli4clj.test.cli" time="0.0028">
    </testcase>
    <testcase name="print-cmd-invalid-token-to-string-fallback-test" classname="cli4clj.test.cli" time="0.0644">
    </testcase>
    <testcase name="print-cmd-invalid-number-to-string-fallback-test" classname="cli4clj.test.cli" time="0.0458">
    </testcase>
    <testcase name="get-args-info-simple-multi-arity-fn-test" classname="cli4clj.test.cli" time="0.0006">
    </testcase>
    <testcase name="enable-trace-test" classname="cli4clj.test.cli" time="0.0582">
    </testcase>
    <testcase name="simple-options-override-test" classname="cli4clj.test.cli" time="0.0015">
    </testcase>
    <testcase name="help-cmd-cli-interaction-stdout-test" classname="cli4clj.test.cli" time="0.1183">
    </testcase>
    <testcase name="enable-trace-wrong-arg-test" classname="cli4clj.test.cli" time="0.0699">
    </testcase>
    <testcase name="embedded-cli-error-test" classname="cli4clj.test.cli" time="0.0625">
    </testcase>
    <testcase name="print-cmd-invalid-token-exception-test" classname="cli4clj.test.cli" time="0.0555">
    </testcase>
    <testcase name="add-cmd-cli-interaction-stdout-test" classname="cli4clj.test.cli" time="0.0553">
    </testcase>
    <testcase name="add-cmd-cli-interaction-stdout-multiline-test" classname="cli4clj.test.cli" time="0.0529">
    </testcase>
    <testcase name="embedded-cli-help-test" classname="cli4clj.test.cli" time="0.0676">
    </testcase>
    <testcase name="simple-mandatory-options-override-test" classname="cli4clj.test.cli" time="0.0009">
    </testcase>
    <testcase name="simple-test-cli-interaction-stdout-test" classname="cli4clj.test.cli" time="0.0602">
    </testcase>
    <testcase name="embedded-cli-unknown-command-test" classname="cli4clj.test.cli" time="0.0549">
    </testcase>
    <testcase name="get-args-info-simple-fns-test" classname="cli4clj.test.cli" time="0.0011">
    </testcase>
    <testcase name="create-arg-hint-completers-completion-proposal-test" classname="cli4clj.test.cli" time="0.0184">
    </testcase>
    <testcase name="get-cmd-aliases-test" classname="cli4clj.test.cli" time="0.0030">
    </testcase>
    <testcase name="simple-options-merging-test" classname="cli4clj.test.cli" time="0.0011">
    </testcase>
    <testcase name="simple-test-cli-interaction-stderr-test" classname="cli4clj.test.cli" time="0.0643">
    </testcase>
    <testcase name="user-options-override-non-nested-test" classname="cli4clj.test.cli" time="0.0015">
    </testcase>
    <testcase name="print-cmd-invalid-number-exception-test" classname="cli4clj.test.cli" time="0.0645">
    </testcase>
    <testcase name="div-cmd-cli-interaction-cmd-error-test" classname="cli4clj.test.cli" time="0.0616">
    </testcase>
    <testcase name="persistent-history-custom-output-file-test" classname="cli4clj.test.cli" time="0.1155">
    </testcase>
    <testcase name="embedded-cli-multiline-out-test" classname="cli4clj.test.cli" time="0.0629">
    </testcase>
    <system-err>
    </system-err>
    <system-out>
    </system-out>
    <properties>
[...]
</properties>
</testsuite>
