<?xml version="1.0" encoding="UTF-8"?>
<testsuite name="cli4clj.test.example" errors="0" failures="0" tests="11" time="0.6103" timestamp="2022-07-26_21:22:43+0200">
    <testcase name="print-function-opt-args-test" classname="cli4clj.test.example" time="0.0725">
    </testcase>
    <testcase name="advanced-main-method-error-example-test" classname="cli4clj.test.example" time="0.0400">
    </testcase>
    <testcase name="invalid-token-to-string-fallback-test" classname="cli4clj.test.example" time="0.0475">
    </testcase>
    <testcase name="advanced-main-method-clojure-syntax-example-test" classname="cli4clj.test.example" time="0.0509">
    </testcase>
    <testcase name="print-function-test" classname="cli4clj.test.example" time="0.0408">
    </testcase>
    <testcase name="def-var-main-method-clojure-syntax-example-test" classname="cli4clj.test.example" time="0.0485">
    </testcase>
    <testcase name="main-method-error-with-trace-example-test" classname="cli4clj.test.example" time="0.0971">
    </testcase>
    <testcase name="advanced-main-method-example-test" classname="cli4clj.test.example" time="0.0621">
    </testcase>
    <testcase name="simple-method-clojure-syntax-example-test" classname="cli4clj.test.example" time="0.0500">
    </testcase>
    <testcase name="simple-main-method-example-test" classname="cli4clj.test.example" time="0.0403">
    </testcase>
    <testcase name="simple-main-method-error-example-test" classname="cli4clj.test.example" time="0.0436">
    </testcase>
    <system-err>
    </system-err>
    <system-out>
    </system-out>
    <properties>
[...]
</properties>
</testsuite>
