<?xml version="1.0" encoding="UTF-8"?>
<testsuite name="cli4clj.test.cli-tests" errors="0" failures="0" tests="22" time="3.5532" timestamp="2021-11-06_20:34:19+0100">
    <testcase name="async-cmd-sleep-finished-test" classname="cli4clj.test.cli-tests" time="1.0335">
    </testcase>
    <testcase name="clojure-repl-stderr-no-op-test" classname="cli4clj.test.cli-tests" time="0.0014">
    </testcase>
    <testcase name="async-cmd-string-latch-stdout-with-callback-test" classname="cli4clj.test.cli-tests" time="0.5279">
    </testcase>
    <testcase name="custom-test-cli-stdout-test" classname="cli4clj.test.cli-tests" time="0.0433">
    </testcase>
    <testcase name="async-cmd-string-latch-stdout-test" classname="cli4clj.test.cli-tests" time="0.5284">
    </testcase>
    <testcase name="clojure-repl-stdout-no-op-test" classname="cli4clj.test.cli-tests" time="0.0008">
    </testcase>
    <testcase name="clojure-repl-stdout-def-inc-println-no-prompt-test" classname="cli4clj.test.cli-tests" time="0.0029">
    </testcase>
    <testcase name="expected-string-creation-multi-line-test" classname="cli4clj.test.cli-tests" time="0.0005">
    </testcase>
    <testcase name="clojure-repl-stdout-inc-no-prompt-test" classname="cli4clj.test.cli-tests" time="0.0016">
    </testcase>
    <testcase name="custom-test-cli-stderr-test" classname="cli4clj.test.cli-tests" time="0.0321">
    </testcase>
    <testcase name="async-cmd-string-latch-stdout-with-mixed-callback-test" classname="cli4clj.test.cli-tests" time="0.5344">
    </testcase>
    <testcase name="clojure-repl-stdout-no-op-no-prompt-test" classname="cli4clj.test.cli-tests" time="0.0016">
    </testcase>
    <testcase name="cmd-vector-to-cmd-test-input-string-test" classname="cli4clj.test.cli-tests" time="0.0006">
    </testcase>
    <testcase name="clojure-repl-stdout-def-inc-println-no-prompt-string-latch-test" classname="cli4clj.test.cli-tests" time="0.0111">
    </testcase>
    <testcase name="expected-string-creation-single-line-test" classname="cli4clj.test.cli-tests" time="0.0012">
    </testcase>
    <testcase name="clojure-repl-stdout-inc-test" classname="cli4clj.test.cli-tests" time="0.0035">
    </testcase>
    <testcase name="async-cmd-not-finished-test" classname="cli4clj.test.cli-tests" time="0.0303">
    </testcase>
    <testcase name="async-cmd-string-latch-stderr-test" classname="cli4clj.test.cli-tests" time="0.5331">
    </testcase>
    <testcase name="simple-jline-input-stream-mock-test" classname="cli4clj.test.cli-tests" time="0.2385">
    </testcase>
    <testcase name="clojure-repl-stderr-div-zero-test" classname="cli4clj.test.cli-tests" time="0.0045">
    </testcase>
    <testcase name="clojure-repl-stdout-def-inc-println-test" classname="cli4clj.test.cli-tests" time="0.0028">
    </testcase>
    <testcase name="expected-string-creation-custom-separator-test" classname="cli4clj.test.cli-tests" time="0.0003">
    </testcase>
    <system-err>
    </system-err>
    <system-out>
user=&gt; user=&gt; user=&gt; user=&gt;     </system-out>
    <properties>
[...]
</properties>
</testsuite>
