<?xml version="1.0" encoding="UTF-8"?>
<testsuite name="cli4clj.test.cli" errors="0" failures="0" tests="25" time="0.1764" timestamp="2015-11-16_18:09:55+0100">
    <testcase name="simple-create-arg-hint-completers-test" classname="cli4clj.test.cli" time="0.0061">
    </testcase>
    <testcase name="create-arg-hint-completers-link-hint-test" classname="cli4clj.test.cli" time="0.0052">
    </testcase>
    <testcase name="get-args-info-override-test" classname="cli4clj.test.cli" time="0.0009">
    </testcase>
    <testcase name="allow-eval-cli-interaction-test" classname="cli4clj.test.cli" time="0.0125">
    </testcase>
    <testcase name="get-args-info-defns-test" classname="cli4clj.test.cli" time="0.0008">
    </testcase>
    <testcase name="expected-string-creation-multi-line-test" classname="cli4clj.test.cli" time="0.0017">
    </testcase>
    <testcase name="get-args-info-simple-multi-arity-fn-test" classname="cli4clj.test.cli" time="0.0004">
    </testcase>
    <testcase name="cmd-vector-to-cmd-test-input-string-test" classname="cli4clj.test.cli" time="0.0003">
    </testcase>
    <testcase name="expected-string-creation-single-line-test" classname="cli4clj.test.cli" time="0.0003">
    </testcase>
    <testcase name="simple-options-override-test" classname="cli4clj.test.cli" time="0.0004">
    </testcase>
    <testcase name="help-cmd-cli-interaction-stdout-test" classname="cli4clj.test.cli" time="0.0096">
    </testcase>
    <testcase name="simple-jline-readfn-mock-test" classname="cli4clj.test.cli" time="0.0961">
    </testcase>
    <testcase name="add-cmd-cli-interaction-stdout-test" classname="cli4clj.test.cli" time="0.0012">
    </testcase>
    <testcase name="add-cmd-cli-interaction-stdout-multiline-test" classname="cli4clj.test.cli" time="0.0035">
    </testcase>
    <testcase name="add-cmd-cli-interaction-cmd-error-test" classname="cli4clj.test.cli" time="0.0024">
    </testcase>
    <testcase name="simple-mandatory-options-override-test" classname="cli4clj.test.cli" time="0.0003">
    </testcase>
    <testcase name="simple-test-cli-interaction-stdout-test" classname="cli4clj.test.cli" time="0.0009">
    </testcase>
    <testcase name="get-args-info-simple-fns-test" classname="cli4clj.test.cli" time="0.0008">
    </testcase>
    <testcase name="create-arg-hint-completers-completion-proposal-test" classname="cli4clj.test.cli" time="0.0029">
    </testcase>
    <testcase name="simple-jline-input-stream-mock-test" classname="cli4clj.test.cli" time="0.0123">
    </testcase>
    <testcase name="get-cmd-aliases-test" classname="cli4clj.test.cli" time="0.0003">
    </testcase>
    <testcase name="simple-options-merging-test" classname="cli4clj.test.cli" time="0.0003">
    </testcase>
    <testcase name="simple-test-cli-interaction-stderr-test" classname="cli4clj.test.cli" time="0.0012">
    </testcase>
    <testcase name="user-options-override-non-nested-test" classname="cli4clj.test.cli" time="0.0003">
    </testcase>
    <testcase name="expected-string-creation-custom-separator-test" classname="cli4clj.test.cli" time="0.0003">
    </testcase>
</testsuite>
