<?xml version="1.0" encoding="UTF-8" ?>
<testsuites>
  <testsuite errors="0" failures="0" id="0" name="cli-tests" package="cli4clj.test" tests="22" time="3.3934" timestamp="2021-04-11_12:13:35+0200">
        <testcase classname="cli4clj.test.cli-tests" name="async-cmd-sleep-finished-test" time="1.0315">
    </testcase>

        <testcase classname="cli4clj.test.cli-tests" name="clojure-repl-stderr-no-op-test" time="0.0020">
    </testcase>

        <testcase classname="cli4clj.test.cli-tests" name="async-cmd-string-latch-stdout-with-callback-test" time="0.5363">
    </testcase>

        <testcase classname="cli4clj.test.cli-tests" name="custom-test-cli-stdout-test" time="0.0244">
    </testcase>

        <testcase classname="cli4clj.test.cli-tests" name="async-cmd-string-latch-stdout-test" time="0.5342">
    </testcase>

        <testcase classname="cli4clj.test.cli-tests" name="clojure-repl-stdout-no-op-test" time="0.0010">
    </testcase>

        <testcase classname="cli4clj.test.cli-tests" name="clojure-repl-stdout-def-inc-println-no-prompt-test" time="0.0031">
    </testcase>

        <testcase classname="cli4clj.test.cli-tests" name="expected-string-creation-multi-line-test" time="0.0004">
    </testcase>

        <testcase classname="cli4clj.test.cli-tests" name="clojure-repl-stdout-inc-no-prompt-test" time="0.0013">
    </testcase>

        <testcase classname="cli4clj.test.cli-tests" name="custom-test-cli-stderr-test" time="0.0342">
    </testcase>

        <testcase classname="cli4clj.test.cli-tests" name="async-cmd-string-latch-stdout-with-mixed-callback-test" time="0.5340">
    </testcase>

        <testcase classname="cli4clj.test.cli-tests" name="clojure-repl-stdout-no-op-no-prompt-test" time="0.0014">
    </testcase>

        <testcase classname="cli4clj.test.cli-tests" name="cmd-vector-to-cmd-test-input-string-test" time="0.0005">
    </testcase>

        <testcase classname="cli4clj.test.cli-tests" name="clojure-repl-stdout-def-inc-println-no-prompt-string-latch-test" time="0.0061">
    </testcase>

        <testcase classname="cli4clj.test.cli-tests" name="expected-string-creation-single-line-test" time="0.0003">
    </testcase>

        <testcase classname="cli4clj.test.cli-tests" name="clojure-repl-stdout-inc-test" time="0.0012">
    </testcase>

        <testcase classname="cli4clj.test.cli-tests" name="async-cmd-not-finished-test" time="0.0437">
    </testcase>

        <testcase classname="cli4clj.test.cli-tests" name="async-cmd-string-latch-stderr-test" time="0.5351">
    </testcase>

        <testcase classname="cli4clj.test.cli-tests" name="simple-jline-input-stream-mock-test" time="0.0771">
    </testcase>

        <testcase classname="cli4clj.test.cli-tests" name="clojure-repl-stderr-div-zero-test" time="0.0047">
    </testcase>

        <testcase classname="cli4clj.test.cli-tests" name="clojure-repl-stdout-def-inc-println-test" time="0.0023">
    </testcase>

        <testcase classname="cli4clj.test.cli-tests" name="expected-string-creation-custom-separator-test" time="0.0004">
    </testcase>

        <system-err>
    </system-err>

        <system-out>
user=&gt; user=&gt; user=&gt; user=&gt;     </system-out>

        <properties>
[...]
</properties>

  </testsuite>
  <testsuite errors="0" failures="0" id="1" name="cli" package="cli4clj.test" tests="31" time="1.0623" timestamp="2021-04-11_12:13:32+0200">
        <testcase classname="cli4clj.test.cli" name="simple-create-arg-hint-completers-test" time="0.0076">
    </testcase>

        <testcase classname="cli4clj.test.cli" name="create-arg-hint-completers-link-hint-test" time="0.0069">
    </testcase>

        <testcase classname="cli4clj.test.cli" name="get-args-info-override-test" time="0.0016">
    </testcase>

        <testcase classname="cli4clj.test.cli" name="persistent-history-disable-history-test" time="0.1635">
    </testcase>

        <testcase classname="cli4clj.test.cli" name="persistent-history-basic-test" time="0.0712">
    </testcase>

        <testcase classname="cli4clj.test.cli" name="allow-eval-cli-interaction-test" time="0.0427">
    </testcase>

        <testcase classname="cli4clj.test.cli" name="embedded-cli-in-out-test" time="0.0491">
    </testcase>

        <testcase classname="cli4clj.test.cli" name="get-args-info-defns-test" time="0.0015">
    </testcase>

        <testcase classname="cli4clj.test.cli" name="print-cmd-invalid-token-to-string-fallback-test" time="0.0561">
    </testcase>

        <testcase classname="cli4clj.test.cli" name="get-args-info-simple-multi-arity-fn-test" time="0.0011">
    </testcase>

        <testcase classname="cli4clj.test.cli" name="enable-trace-test" time="0.0462">
    </testcase>

        <testcase classname="cli4clj.test.cli" name="simple-options-override-test" time="0.0013">
    </testcase>

        <testcase classname="cli4clj.test.cli" name="help-cmd-cli-interaction-stdout-test" time="0.0590">
    </testcase>

        <testcase classname="cli4clj.test.cli" name="enable-trace-wrong-arg-test" time="0.0443">
    </testcase>

        <testcase classname="cli4clj.test.cli" name="embedded-cli-error-test" time="0.0480">
    </testcase>

        <testcase classname="cli4clj.test.cli" name="print-cmd-invalid-token-exception-test" time="0.0244">
    </testcase>

        <testcase classname="cli4clj.test.cli" name="add-cmd-cli-interaction-stdout-test" time="0.0467">
    </testcase>

        <testcase classname="cli4clj.test.cli" name="add-cmd-cli-interaction-stdout-multiline-test" time="0.0354">
    </testcase>

        <testcase classname="cli4clj.test.cli" name="embedded-cli-help-test" time="0.0485">
    </testcase>

        <testcase classname="cli4clj.test.cli" name="simple-mandatory-options-override-test" time="0.0005">
    </testcase>

        <testcase classname="cli4clj.test.cli" name="simple-test-cli-interaction-stdout-test" time="0.0243">
    </testcase>

        <testcase classname="cli4clj.test.cli" name="embedded-cli-unknown-command-test" time="0.0422">
    </testcase>

        <testcase classname="cli4clj.test.cli" name="get-args-info-simple-fns-test" time="0.0011">
    </testcase>

        <testcase classname="cli4clj.test.cli" name="create-arg-hint-completers-completion-proposal-test" time="0.0038">
    </testcase>

        <testcase classname="cli4clj.test.cli" name="get-cmd-aliases-test" time="0.0006">
    </testcase>

        <testcase classname="cli4clj.test.cli" name="simple-options-merging-test" time="0.0005">
    </testcase>

        <testcase classname="cli4clj.test.cli" name="simple-test-cli-interaction-stderr-test" time="0.0330">
    </testcase>

        <testcase classname="cli4clj.test.cli" name="user-options-override-non-nested-test" time="0.0005">
    </testcase>

        <testcase classname="cli4clj.test.cli" name="div-cmd-cli-interaction-cmd-error-test" time="0.0324">
    </testcase>

        <testcase classname="cli4clj.test.cli" name="persistent-history-custom-output-file-test" time="0.0652">
    </testcase>

        <testcase classname="cli4clj.test.cli" name="embedded-cli-multiline-out-test" time="0.0374">
    </testcase>

        <system-err>
    </system-err>

        <system-out>
    </system-out>

        <properties>
[...]
</properties>

  </testsuite>
  <testsuite errors="0" failures="0" id="2" name="example" package="cli4clj.test" tests="11" time="0.3854" timestamp="2021-04-11_12:13:36+0200">
        <testcase classname="cli4clj.test.example" name="print-function-opt-args-test" time="0.0479">
    </testcase>

        <testcase classname="cli4clj.test.example" name="advanced-main-method-error-example-test" time="0.0221">
    </testcase>

        <testcase classname="cli4clj.test.example" name="invalid-token-to-string-fallback-test" time="0.0327">
    </testcase>

        <testcase classname="cli4clj.test.example" name="advanced-main-method-clojure-syntax-example-test" time="0.0321">
    </testcase>

        <testcase classname="cli4clj.test.example" name="print-function-test" time="0.0326">
    </testcase>

        <testcase classname="cli4clj.test.example" name="def-var-main-method-clojure-syntax-example-test" time="0.0326">
    </testcase>

        <testcase classname="cli4clj.test.example" name="main-method-error-with-trace-example-test" time="0.0428">
    </testcase>

        <testcase classname="cli4clj.test.example" name="advanced-main-method-example-test" time="0.0372">
    </testcase>

        <testcase classname="cli4clj.test.example" name="simple-method-clojure-syntax-example-test" time="0.0342">
    </testcase>

        <testcase classname="cli4clj.test.example" name="simple-main-method-example-test" time="0.0325">
    </testcase>

        <testcase classname="cli4clj.test.example" name="simple-main-method-error-example-test" time="0.0300">
    </testcase>

        <system-err>
    </system-err>

        <system-out>
    </system-out>

        <properties>
[...]
</properties>

  </testsuite>
</testsuites>
