<?xml version="1.0" encoding="UTF-8" ?>
<testsuites>
  <testsuite errors="0" failures="0" id="0" name="cli-tests" package="cli4clj.test" tests="13" time="3.2025" timestamp="2016-10-16_14:38:30+0200">
        <testcase classname="cli4clj.test.cli-tests" name="async-cmd-sleep-finished-test" time="1.0186">
    </testcase>

        <testcase classname="cli4clj.test.cli-tests" name="async-cmd-string-latch-stdout-with-callback-test" time="0.5382">
    </testcase>

        <testcase classname="cli4clj.test.cli-tests" name="custom-test-cli-stdout-test" time="0.0014">
    </testcase>

        <testcase classname="cli4clj.test.cli-tests" name="async-cmd-string-latch-stdout-test" time="0.5049">
    </testcase>

        <testcase classname="cli4clj.test.cli-tests" name="expected-string-creation-multi-line-test" time="0.0003">
    </testcase>

        <testcase classname="cli4clj.test.cli-tests" name="custom-test-cli-stderr-test" time="0.0023">
    </testcase>

        <testcase classname="cli4clj.test.cli-tests" name="async-cmd-string-latch-stdout-with-mixed-callback-test" time="0.5092">
    </testcase>

        <testcase classname="cli4clj.test.cli-tests" name="cmd-vector-to-cmd-test-input-string-test" time="0.0003">
    </testcase>

        <testcase classname="cli4clj.test.cli-tests" name="expected-string-creation-single-line-test" time="0.0003">
    </testcase>

        <testcase classname="cli4clj.test.cli-tests" name="async-cmd-not-finished-test" time="0.0010">
    </testcase>

        <testcase classname="cli4clj.test.cli-tests" name="async-cmd-string-latch-stderr-test" time="0.5094">
    </testcase>

        <testcase classname="cli4clj.test.cli-tests" name="simple-jline-input-stream-mock-test" time="0.1120">
    </testcase>

        <testcase classname="cli4clj.test.cli-tests" name="expected-string-creation-custom-separator-test" time="0.0003">
    </testcase>

  </testsuite>
  <testsuite errors="0" failures="0" id="1" name="cli" package="cli4clj.test" tests="23" time="0.0867" timestamp="2016-10-16_14:38:27+0200">
        <testcase classname="cli4clj.test.cli" name="simple-create-arg-hint-completers-test" time="0.0102">
    </testcase>

        <testcase classname="cli4clj.test.cli" name="create-arg-hint-completers-link-hint-test" time="0.0054">
    </testcase>

        <testcase classname="cli4clj.test.cli" name="get-args-info-override-test" time="0.0008">
    </testcase>

        <testcase classname="cli4clj.test.cli" name="allow-eval-cli-interaction-test" time="0.0132">
    </testcase>

        <testcase classname="cli4clj.test.cli" name="get-args-info-defns-test" time="0.0008">
    </testcase>

        <testcase classname="cli4clj.test.cli" name="print-cmd-invalid-token-to-string-fallback-test" time="0.0014">
    </testcase>

        <testcase classname="cli4clj.test.cli" name="get-args-info-simple-multi-arity-fn-test" time="0.0004">
    </testcase>

        <testcase classname="cli4clj.test.cli" name="enable-trace-test" time="0.0011">
    </testcase>

        <testcase classname="cli4clj.test.cli" name="simple-options-override-test" time="0.0004">
    </testcase>

        <testcase classname="cli4clj.test.cli" name="help-cmd-cli-interaction-stdout-test" time="0.0205">
    </testcase>

        <testcase classname="cli4clj.test.cli" name="enable-trace-wrong-arg-test" time="0.0027">
    </testcase>

        <testcase classname="cli4clj.test.cli" name="print-cmd-invalid-token-exception-test" time="0.0016">
    </testcase>

        <testcase classname="cli4clj.test.cli" name="add-cmd-cli-interaction-stdout-test" time="0.0013">
    </testcase>

        <testcase classname="cli4clj.test.cli" name="add-cmd-cli-interaction-stdout-multiline-test" time="0.0021">
    </testcase>

        <testcase classname="cli4clj.test.cli" name="simple-mandatory-options-override-test" time="0.0005">
    </testcase>

        <testcase classname="cli4clj.test.cli" name="simple-test-cli-interaction-stdout-test" time="0.0011">
    </testcase>

        <testcase classname="cli4clj.test.cli" name="get-args-info-simple-fns-test" time="0.0008">
    </testcase>

        <testcase classname="cli4clj.test.cli" name="create-arg-hint-completers-completion-proposal-test" time="0.0036">
    </testcase>

        <testcase classname="cli4clj.test.cli" name="get-cmd-aliases-test" time="0.0005">
    </testcase>

        <testcase classname="cli4clj.test.cli" name="simple-options-merging-test" time="0.0003">
    </testcase>

        <testcase classname="cli4clj.test.cli" name="simple-test-cli-interaction-stderr-test" time="0.0009">
    </testcase>

        <testcase classname="cli4clj.test.cli" name="user-options-override-non-nested-test" time="0.0002">
    </testcase>

        <testcase classname="cli4clj.test.cli" name="div-cmd-cli-interaction-cmd-error-test" time="0.0012">
    </testcase>

  </testsuite>
  <testsuite errors="0" failures="0" id="2" name="example" package="cli4clj.test" tests="8" time="0.0382" timestamp="2016-10-16_14:38:30+0200">
        <testcase classname="cli4clj.test.example" name="print-function-opt-args-test" time="0.0202">
    </testcase>

        <testcase classname="cli4clj.test.example" name="advanced-main-method-error-example-test" time="0.0010">
    </testcase>

        <testcase classname="cli4clj.test.example" name="invalid-token-to-string-fallback-test" time="0.0021">
    </testcase>

        <testcase classname="cli4clj.test.example" name="print-function-test" time="0.0015">
    </testcase>

        <testcase classname="cli4clj.test.example" name="main-method-error-with-trace-example-test" time="0.0069">
    </testcase>

        <testcase classname="cli4clj.test.example" name="advanced-main-method-example-test" time="0.0023">
    </testcase>

        <testcase classname="cli4clj.test.example" name="simple-main-method-example-test" time="0.0007">
    </testcase>

        <testcase classname="cli4clj.test.example" name="simple-main-method-error-example-test" time="0.0008">
    </testcase>

  </testsuite>
</testsuites>
